\BOOKMARK [1][-]{section.1}{Why Care?}{}% 1
\BOOKMARK [2][-]{subsection.1.1}{Prevalence}{section.1}% 2
\BOOKMARK [2][-]{subsection.1.2}{Morbidity/Costs}{section.1}% 3
\BOOKMARK [2][-]{subsection.1.3}{Massachusetts/Lahey}{section.1}% 4
\BOOKMARK [1][-]{section.2}{What is Hansen's?}{}% 5
\BOOKMARK [2][-]{subsection.2.1}{Organism}{section.2}% 6
\BOOKMARK [2][-]{subsection.2.2}{Pathophysiology}{section.2}% 7
\BOOKMARK [1][-]{section.3}{Symptoms}{}% 8
\BOOKMARK [2][-]{subsection.3.1}{Paresthesias}{section.3}% 9
\BOOKMARK [2][-]{subsection.3.2}{ Analgeisic patches}{section.3}% 10
\BOOKMARK [2][-]{subsection.3.3}{Nerve palsies}{section.3}% 11
\BOOKMARK [1][-]{section.4}{Signs}{}% 12
\BOOKMARK [2][-]{subsection.4.1}{Hypopigmentation}{section.4}% 13
\BOOKMARK [2][-]{subsection.4.2}{Analgeisic patches}{section.4}% 14
\BOOKMARK [2][-]{subsection.4.3}{Nerve palsies}{section.4}% 15
\BOOKMARK [2][-]{subsection.4.4}{Palpable nerves}{section.4}% 16
\BOOKMARK [1][-]{section.5}{Treatment}{}% 17
\BOOKMARK [2][-]{subsection.5.1}{Antibiotics}{section.5}% 18
\BOOKMARK [2][-]{subsection.5.2}{Immunosuppresion}{section.5}% 19
\BOOKMARK [2][-]{subsection.5.3}{ENL}{section.5}% 20
\BOOKMARK [1][-]{section.6}{Refereneces}{}% 21
